{"C:\\Users\\Abc\\Documents\\NOVENO\\SOA\\Registro_SOA\\src\\Token\\domain\\Token.ts": {"path":"C:\\Users\\Abc\\Documents\\NOVENO\\SOA\\Registro_SOA\\src\\Token\\domain\\Token.ts","statementMap":{"0":{"start":{"line":4,"column":15},"end":{"line":4,"column":27}},"1":{"start":{"line":5,"column":15},"end":{"line":5,"column":31}},"2":{"start":{"line":6,"column":15},"end":{"line":6,"column":28}},"3":{"start":{"line":7,"column":15},"end":{"line":7,"column":30}},"4":{"start":{"line":2,"column":0},"end":{"line":2,"column":13}}},"fnMap":{"0":{"name":"(anonymous_0)","decl":{"start":{"line":3,"column":4},"end":{"line":3,"column":null}},"loc":{"start":{"line":7,"column":30},"end":{"line":8,"column":8}}}},"branchMap":{},"s":{"0":2,"1":2,"2":2,"3":2,"4":1},"f":{"0":2},"b":{}}
,"C:\\Users\\Abc\\Documents\\NOVENO\\SOA\\Registro_SOA\\src\\User\\application\\CreateUserAndSendTokenUseCase.ts": {"path":"C:\\Users\\Abc\\Documents\\NOVENO\\SOA\\Registro_SOA\\src\\User\\application\\CreateUserAndSendTokenUseCase.ts","statementMap":{"0":{"start":{"line":4,"column":0},"end":{"line":4,"column":36}},"1":{"start":{"line":5,"column":0},"end":{"line":5,"column":46}},"2":{"start":{"line":6,"column":0},"end":{"line":6,"column":49}},"3":{"start":{"line":8,"column":0},"end":{"line":8,"column":28}},"4":{"start":{"line":12,"column":25},"end":{"line":12,"column":57}},"5":{"start":{"line":13,"column":25},"end":{"line":13,"column":57}},"6":{"start":{"line":14,"column":25},"end":{"line":14,"column":57}},"7":{"start":{"line":15,"column":25},"end":{"line":15,"column":53}},"8":{"start":{"line":20,"column":21},"end":{"line":20,"column":66}},"9":{"start":{"line":21,"column":8},"end":{"line":23,"column":9}},"10":{"start":{"line":22,"column":12},"end":{"line":22,"column":51}},"11":{"start":{"line":26,"column":31},"end":{"line":26,"column":62}},"12":{"start":{"line":29,"column":25},"end":{"line":29,"column":33}},"13":{"start":{"line":30,"column":21},"end":{"line":30,"column":81}},"14":{"start":{"line":31,"column":8},"end":{"line":31,"column":50}},"15":{"start":{"line":34,"column":27},"end":{"line":34,"column":77}},"16":{"start":{"line":35,"column":22},"end":{"line":35,"column":99}},"17":{"start":{"line":36,"column":8},"end":{"line":36,"column":52}},"18":{"start":{"line":39,"column":24},"end":{"line":39,"column":90}},"19":{"start":{"line":40,"column":8},"end":{"line":40,"column":67}},"20":{"start":{"line":42,"column":8},"end":{"line":42,"column":71}},"21":{"start":{"line":45,"column":8},"end":{"line":45,"column":20}},"22":{"start":{"line":10,"column":0},"end":{"line":10,"column":13}}},"fnMap":{"0":{"name":"(anonymous_8)","decl":{"start":{"line":11,"column":4},"end":{"line":11,"column":null}},"loc":{"start":{"line":15,"column":53},"end":{"line":16,"column":8}}},"1":{"name":"(anonymous_9)","decl":{"start":{"line":18,"column":10},"end":{"line":18,"column":13}},"loc":{"start":{"line":18,"column":46},"end":{"line":46,"column":null}}}},"branchMap":{"0":{"loc":{"start":{"line":21,"column":8},"end":{"line":23,"column":9}},"type":"if","locations":[{"start":{"line":21,"column":8},"end":{"line":23,"column":9}}]}},"s":{"0":1,"1":1,"2":1,"3":1,"4":2,"5":2,"6":2,"7":2,"8":2,"9":2,"10":0,"11":2,"12":2,"13":2,"14":2,"15":2,"16":2,"17":2,"18":2,"19":2,"20":2,"21":2,"22":1},"f":{"0":2,"1":2},"b":{"0":[0]}}
,"C:\\Users\\Abc\\Documents\\NOVENO\\SOA\\Registro_SOA\\src\\User\\domain\\User.ts": {"path":"C:\\Users\\Abc\\Documents\\NOVENO\\SOA\\Registro_SOA\\src\\User\\domain\\User.ts","statementMap":{"0":{"start":{"line":3,"column":15},"end":{"line":3,"column":27}},"1":{"start":{"line":4,"column":15},"end":{"line":4,"column":29}},"2":{"start":{"line":5,"column":15},"end":{"line":5,"column":31}},"3":{"start":{"line":6,"column":15},"end":{"line":6,"column":32}},"4":{"start":{"line":7,"column":15},"end":{"line":7,"column":32}},"5":{"start":{"line":1,"column":0},"end":{"line":1,"column":13}}},"fnMap":{},"branchMap":{},"s":{"0":2,"1":2,"2":2,"3":2,"4":2,"5":1},"f":{},"b":{}}
}
