TN:
SF:src\Token\domain\Token.ts
FN:3,(anonymous_0)
FNF:1
FNH:1
FNDA:2,(anonymous_0)
DA:2,1
DA:4,2
DA:5,2
DA:6,2
DA:7,2
LF:5
LH:5
BRF:0
BRH:0
end_of_record
TN:
SF:src\User\application\CreateUserAndSendTokenUseCase.ts
FN:11,(anonymous_8)
FN:18,(anonymous_9)
FNF:2
FNH:2
FNDA:2,(anonymous_8)
FNDA:2,(anonymous_9)
DA:4,1
DA:5,1
DA:6,1
DA:8,1
DA:10,1
DA:12,2
DA:13,2
DA:14,2
DA:15,2
DA:20,2
DA:21,2
DA:22,0
DA:26,2
DA:29,2
DA:30,2
DA:31,2
DA:34,2
DA:35,2
DA:36,2
DA:39,2
DA:40,2
DA:42,2
DA:45,2
LF:23
LH:22
BRDA:21,0,0,0
BRF:1
BRH:0
end_of_record
TN:
SF:src\User\domain\User.ts
FNF:0
FNH:0
DA:1,1
DA:3,2
DA:4,2
DA:5,2
DA:6,2
DA:7,2
LF:6
LH:6
BRF:0
BRH:0
end_of_record
